<?xml version="1.0" encoding="UTF-8"?>
<robot generator="Robot 7.1.1 (Python 3.13.0 on darwin)" generated="2024-12-02T23:57:41.487240" rpa="false" schemaversion="5">
<suite id="s1" name="Example Test" source="/Users/intern-watanai/Desktop/test-youtube-robot-framework/tests/example_test.robot">
<kw name="Open Browser" owner="SeleniumLibrary" type="SETUP">
<msg time="2024-12-02T23:57:41.915962" level="INFO">Opening browser 'Chrome' to base url 'https://www.youtube.com'.</msg>
<arg>${URL}</arg>
<arg>${BROWSER}</arg>
<doc>Opens a new browser instance to the optional ``url``.</doc>
<status status="PASS" start="2024-12-02T23:57:41.915733" elapsed="39.492592"/>
</kw>
<test id="s1-t1" name="Check YouTube Title" line="11">
<kw name="Title Should Be" owner="SeleniumLibrary">
<msg time="2024-12-02T23:58:21.870766" level="INFO">Page title is 'YouTube'.</msg>
<arg>YouTube</arg>
<doc>Verifies that the current page title equals ``title``.</doc>
<status status="PASS" start="2024-12-02T23:58:21.413103" elapsed="0.457740"/>
</kw>
<status status="PASS" start="2024-12-02T23:58:21.410807" elapsed="0.460206"/>
</test>
<test id="s1-t2" name="Search On YouTube" line="14">
<kw name="Input Text" owner="SeleniumLibrary">
<msg time="2024-12-02T23:58:21.872242" level="INFO">Typing text 'Robot Framework' into text field 'name=search_query'.</msg>
<arg>name=search_query</arg>
<arg>Robot Framework</arg>
<doc>Types the given ``text`` into the text field identified by ``locator``.</doc>
<status status="PASS" start="2024-12-02T23:58:21.871787" elapsed="5.710309"/>
</kw>
<kw name="Click Button" owner="SeleniumLibrary">
<msg time="2024-12-02T23:58:27.582397" level="INFO">Clicking button 'id=search-icon-legacy'.</msg>
<msg time="2024-12-02T23:59:07.117152" level="INFO" html="true">&lt;/td&gt;&lt;/tr&gt;&lt;tr&gt;&lt;td colspan="3"&gt;&lt;a href="selenium-screenshot-1.png"&gt;&lt;img src="selenium-screenshot-1.png" width="800px"&gt;&lt;/a&gt;</msg>
<msg time="2024-12-02T23:59:07.117774" level="FAIL">ElementNotInteractableException: Message: element not interactable
  (Session info: chrome=131.0.6778.86)
Stacktrace:
0   chromedriver                        0x0000000105377ac4 cxxbridge1$str$ptr + 3651580
1   chromedriver                        0x0000000105370314 cxxbridge1$str$ptr + 3620940
2   chromedriver                        0x0000000104dd8324 cxxbridge1$string$len + 88824
3   chromedriver                        0x0000000104e1d83c cxxbridge1$string$len + 372752
4   chromedriver                        0x0000000104e12fbc cxxbridge1$string$len + 329616
5   chromedriver                        0x0000000104e12a10 cxxbridge1$string$len + 328164
6   chromedriver                        0x0000000104e560fc cxxbridge1$string$len + 604368
7   chromedriver                        0x0000000104e110b0 cxxbridge1$string$len + 321668
8   chromedriver                        0x0000000104e11d00 cxxbridge1$string$len + 324820
9   chromedriver                        0x0000000105342e08 cxxbridge1$str$ptr + 3435328
10  chromedriver                        0x0000000105346120 cxxbridge1$str$ptr + 3448408
11  chromedriver                        0x000000010532a17c cxxbridge1$str$ptr + 3333812
12  chromedriver                        0x00000001053469e0 cxxbridge1$str$ptr + 3450648
13  chromedriver                        0x000000010531b988 cxxbridge1$str$ptr + 3274432
14  chromedriver                        0x00000001053610f4 cxxbridge1$str$ptr + 3558956
15  chromedriver                        0x0000000105361270 cxxbridge1$str$ptr + 3559336
16  chromedriver                        0x000000010536ff88 cxxbridge1$str$ptr + 3620032
17  libsystem_pthread.dylib             0x00000001962db2e4 _pthread_start + 136
18  libsystem_pthread.dylib             0x00000001962d60fc thread_start + 8
</msg>
<arg>id=search-icon-legacy</arg>
<doc>Clicks the button identified by ``locator``.</doc>
<status status="FAIL" start="2024-12-02T23:58:27.582258" elapsed="39.563837">ElementNotInteractableException: Message: element not interactable
  (Session info: chrome=131.0.6778.86)
Stacktrace:
0   chromedriver                        0x0000000105377ac4 cxxbridge1$str$ptr + 3651580
1   chromedriver                        0x0000000105370314 cxxbridge1$str$ptr + 3620940
2   chromedriver                        0x0000000104dd8324 cxxbridge1$string$len + 88824
3   chromedriver                        0x0000000104e1d83c cxxbridge1$string$len + 372752
4   chromedriver                        0x0000000104e12fbc cxxbridge1$string$len + 329616
5   chromedriver                        0x0000000104e12a10 cxxbridge1$string$len + 328164
6   chromedriver                        0x0000000104e560fc cxxbridge1$string$len + 604368
7   chromedriver                        0x0000000104e110b0 cxxbridge1$string$len + 321668
8   chromedriver                        0x0000000104e11d00 cxxbridge1$string$len + 324820
9   chromedriver                        0x0000000105342e08 cxxbridge1$str$ptr + 3435328
10  chromedriver                        0x0000000105346120 cxxbridge1$str$ptr + 3448408
11  chromedriver                        0x000000010532a17c cxxbridge1$str$ptr + 3333812
12  chromedriver                        0x00000001053469e0 cxxbridge1$str$ptr + 3450648
13  chromedriver                        0x000000010531b988 cxxbridge1$str$ptr + 3274432
14  chromedriver                        0x00000001053610f4 cxxbridge1$str$ptr + 3558956
15  chromedriver                        0x0000000105361270 cxxbridge1$str$ptr + 3559336
16  chromedriver                        0x000000010536ff88 cxxbridge1$str$ptr + 3620032
17  libsystem_pthread.dylib             0x00000001962db2e4 _pthread_start + 136
18  libsystem_pthread.dylib             0x00000001962d60fc thread_start + 8
</status>
</kw>
<kw name="Title Should Be" owner="SeleniumLibrary">
<arg>Robot Framework</arg>
<doc>Verifies that the current page title equals ``title``.</doc>
<status status="NOT RUN" start="2024-12-02T23:59:07.146678" elapsed="0.000037"/>
</kw>
<status status="FAIL" start="2024-12-02T23:58:21.871549" elapsed="45.275361">ElementNotInteractableException: Message: element not interactable
  (Session info: chrome=131.0.6778.86)
Stacktrace:
0   chromedriver                        0x0000000105377ac4 cxxbridge1$str$ptr + 3651580
1   chromedriver                        0x0000000105370314 cxxbridge1$str$ptr + 3620940
2   chromedriver                        0x0000000104dd8324 cxxbridge1$string$len + 88824
3   chromedriver                        0x0000000104e1d83c cxxbridge1$string$len + 372752
4   chromedriver                        0x0000000104e12fbc cxxbridge1$string$len + 329616
5   chromedriver                        0x0000000104e12a10 cxxbridge1$string$len + 328164
6   chromedriver                        0x0000000104e560fc cxxbridge1$string$len + 604368
7   chromedriver                        0x0000000104e110b0 cxxbridge1$string$len + 321668
8   chromedriver                        0x0000000104e11d00 cxxbridge1$string$len + 324820
9   chromedriver                        0x0000000105342e08 cxxbridge1$str$ptr + 3435328
10  chromedriver                        0x0000000105346120 cxxbridge1$str$ptr + 3448408
11  chromedriver                        0x000000010532a17c cxxbridge1$str$ptr + 3333812
12  chromedriver                        0x00000001053469e0 cxxbridge1$str$ptr + 3450648
13  chromedriver                        0x000000010531b988 cxxbridge1$str$ptr + 3274432
14  chromedriver                        0x00000001053610f4 cxxbridge1$str$ptr + 3558956
15  chromedriver                        0x0000000105361270 cxxbridge1$str$ptr + 3559336
16  chromedriver                        0x000000010536ff88 cxxbridge1$str$ptr + 3620032
17  libsystem_pthread.dylib             0x00000001962db2e4 _pthread_start + 136
18  libsystem_pthread.dylib             0x00000001962d60fc thread_start + 8
</status>
</test>
<kw name="Close Browser" owner="SeleniumLibrary" type="TEARDOWN">
<doc>Closes the current browser.</doc>
<status status="PASS" start="2024-12-02T23:59:07.148147" elapsed="0.207317"/>
</kw>
<status status="FAIL" start="2024-12-02T23:57:41.492828" elapsed="85.862699"/>
</suite>
<statistics>
<total>
<stat pass="1" fail="1" skip="0">All Tests</stat>
</total>
<tag>
</tag>
<suite>
<stat pass="1" fail="1" skip="0" id="s1" name="Example Test">Example Test</stat>
</suite>
</statistics>
<errors>
</errors>
</robot>
